# JRE version: OpenJDK Runtime Environment (11.0.2+9) (build 11.0.2+9)
# Java VM: OpenJDK 64-Bit Server VM (11.0.2+9, mixed mode, tiered, compressed oops, g1 gc, windows-amd64)
Heap:
 garbage-first heap   total 253952K, used 104514K [0x0000000080000000, 0x0000000100000000)
  region size 1024K, 84 young (86016K), 7 survivors (7168K)
 Metaspace       used 41847K, capacity 43019K, committed 43132K, reserved 555008K
  class space    used 5301K, capacity 5757K, committed 5836K, reserved 516096K
GC Heap History (10 events):
Event: 5.055 GC heap before
{Heap before GC invocations=0 (full 0):
 garbage-first heap   total 253952K, used 27648K [0x0000000080000000, 0x0000000100000000)
  region size 1024K, 24 young (24576K), 0 survivors (0K)
 Metaspace       used 9712K, capacity 9896K, committed 10112K, reserved 526336K
  class space    used 1003K, capacity 1069K, committed 1152K, reserved 516096K
}
Event: 5.194 GC heap after
{Heap after GC invocations=1 (full 0):
 garbage-first heap   total 253952K, used 10411K [0x0000000080000000, 0x0000000100000000)
  region size 1024K, 3 young (3072K), 3 survivors (3072K)
 Metaspace       used 9712K, capacity 9896K, committed 10112K, reserved 526336K
  class space    used 1003K, capacity 1069K, committed 1152K, reserved 516096K
}
Event: 23.317 GC heap before
{Heap before GC invocations=1 (full 0):
 garbage-first heap   total 253952K, used 112811K [0x0000000080000000, 0x0000000100000000)
  region size 1024K, 104 young (106496K), 3 survivors (3072K)
 Metaspace       used 20861K, capacity 21228K, committed 21296K, reserved 536576K
  class space    used 2517K, capacity 2684K, committed 2688K, reserved 516096K
}
Event: 23.803 GC heap after
{Heap after GC invocations=2 (full 0):
 garbage-first heap   total 253952K, used 18133K [0x0000000080000000, 0x0000000100000000)
  region size 1024K, 11 young (11264K), 11 survivors (11264K)
 Metaspace       used 20861K, capacity 21228K, committed 21296K, reserved 536576K
  class space    used 2517K, capacity 2684K, committed 2688K, reserved 516096K
}
Event: 25.138 GC heap before
{Heap before GC invocations=3 (full 0):
 garbage-first heap   total 253952K, used 29397K [0x0000000080000000, 0x0000000100000000)
  region size 1024K, 22 young (22528K), 11 survivors (11264K)
 Metaspace       used 21941K, capacity 22375K, committed 22576K, reserved 536576K
  class space    used 2685K, capacity 2853K, committed 2944K, reserved 516096K
}
Event: 25.147 GC heap after
{Heap after GC invocations=4 (full 0):
 garbage-first heap   total 253952K, used 18976K [0x0000000080000000, 0x0000000100000000)
  region size 1024K, 1 young (1024K), 1 survivors (1024K)
 Metaspace       used 21941K, capacity 22375K, committed 22576K, reserved 536576K
  class space    used 2685K, capacity 2853K, committed 2944K, reserved 516096K
}
Event: 33.699 GC heap before
{Heap before GC invocations=5 (full 0):
 garbage-first heap   total 253952K, used 101920K [0x0000000080000000, 0x0000000100000000)
  region size 1024K, 82 young (83968K), 1 survivors (1024K)
 Metaspace       used 29690K, capacity 30371K, committed 30512K, reserved 542720K
  class space    used 3916K, capacity 4207K, committed 4224K, reserved 516096K
}
Event: 33.702 GC heap after
{Heap after GC invocations=6 (full 0):
 garbage-first heap   total 253952K, used 21584K [0x0000000080000000, 0x0000000100000000)
  region size 1024K, 4 young (4096K), 4 survivors (4096K)
 Metaspace       used 29690K, capacity 30371K, committed 30512K, reserved 542720K
  class space    used 3916K, capacity 4207K, committed 4224K, reserved 516096K
}
Event: 36.100 GC heap before
{Heap before GC invocations=6 (full 0):
 garbage-first heap   total 253952K, used 58448K [0x0000000080000000, 0x0000000100000000)
  region size 1024K, 41 young (41984K), 4 survivors (4096K)
 Metaspace       used 36667K, capacity 37551K, committed 37628K, reserved 548864K
  class space    used 4742K, capacity 5133K, committed 5196K, reserved 516096K
}
Event: 36.111 GC heap after
{Heap after GC invocations=7 (full 0):
 garbage-first heap   total 253952K, used 24642K [0x0000000080000000, 0x0000000100000000)
  region size 1024K, 7 young (7168K), 7 survivors (7168K)
 Metaspace       used 36667K, capacity 37551K, committed 37628K, reserved 548864K
  class space    used 4742K, capacity 5133K, committed 5196K, reserved 516096K
}

